[35m[Appium][39m Welcome to Appium v1.22.3
[35m[Appium][39m Non-default server args:
[35m[Appium][39m   port: 65192
[35m[Appium][39m   loglevel: info
[35m[Appium][39m   tmpDir: C:\Users\095054\AppData\Local\Temp\\Katalon\Appium\Temp1657747298662
[35m[Appium][39m   chromedriverPort: 65193
[35m[Appium][39m Deprecated server args:
[35m[Appium][39m   [31m--chromedriver-port[39m => --default-capabilities
[35m[Appium][39m Default capabilities, which will be added to each request unless overridden by desired capabilities:
[35m[Appium][39m   chromedriverPort: 65193
[35m[Appium][39m Appium REST http interface listener started on 0.0.0.0:65192
[35m[HTTP][39m [37m-->[39m [37mGET[39m [37m/wd/hub/status[39m
[35m[HTTP][39m [90m{}[39m
[35m[HTTP][39m [37m<-- GET /wd/hub/status [39m[32m200[39m [90m5 ms - 68[39m
[35m[HTTP][39m [90m[39m
[35m[HTTP][39m [37m-->[39m [37mGET[39m [37m/wd/hub/status[39m
[35m[HTTP][39m [90m{}[39m
[35m[HTTP][39m [37m<-- GET /wd/hub/status [39m[32m200[39m [90m1 ms - 68[39m
[35m[HTTP][39m [90m[39m
[35m[HTTP][39m [37m-->[39m [37mPOST[39m [37m/wd/hub/session[39m
[35m[HTTP][39m [90m{"desiredCapabilities":{"app":"C:\\Users\\095054\\Documents\\Katalon Final Projects\\FinalProjectMobile_AhmadZainAzharulFalah_KSAT006ONL004\\FinalProjectMobile\\APK\\app-debug.apk","noReset":true,"deviceName":"Genymotion Google Pixel (Android 9)","fullReset":false,"platform":"ANDROID","newCommandTimeout":1800,"platformVersion":"9","automationName":"uiautomator2","autoGrantPermissions":true,"platformName":"Android","udid":"192.168.39.105:5555","systemPort":65199},"capabilities":{"firstMatch":[{"appium:app":"C:\\Users\\095054\\Documents\\Katalon Final Projects\\FinalProjectMobile_AhmadZainAzharulFalah_KSAT006ONL004\\FinalProjectMobile\\APK\\app-debug.apk","appium:autoGrantPermissions":true,"appium:automationName":"uiautomator2","appium:deviceName":"Genymotion Google Pixel (Android 9)","appium:fullReset":false,"appium:newCommandTimeout":1800,"appium:noReset":true,"platform":"ANDROID","platformName":"android","appium:platformVersion":"9","appium:systemPort":65199,"appium:udid":"192.168.39.105:5555"}]}}[39m
[35m[BaseDriver][39m The following capabilities are not standard capabilities and should have an extension prefix:
[35m[BaseDriver][39m   platform
[35m[BaseDriver][39m   chromedriverPort
[35m[Appium][39m Appium v1.22.3 creating new AndroidUiautomator2Driver (v1.70.1) session
[35m[BaseDriver][39m The following capabilities were provided, but are not recognized by Appium:
[35m[BaseDriver][39m   platform
[35m[BaseDriver][39m Session created with session id: 575e007a-ad99-4143-a856-f96490a15d8c
[35m[BaseDriver][39m Using local app 'C:\Users\095054\Documents\Katalon Final Projects\FinalProjectMobile_AhmadZainAzharulFalah_KSAT006ONL004\FinalProjectMobile\APK\app-debug.apk'
[35m[ADB][39m Found 1 'build-tools' folders under 'C:\Users\095054\.katalon\tools\android_sdk' (newest first):
[35m[ADB][39m     C:/Users/095054/.katalon/tools/android_sdk/build-tools/29.0.3
[35m[ADB][39m Using 'adb.exe' from 'C:\Users\095054\.katalon\tools\android_sdk\platform-tools\adb.exe'
[35m[AndroidDriver][39m Retrieving device list
[35m[AndroidDriver][39m Using device: 192.168.39.105:5555
[35m[ADB][39m Using 'adb.exe' from 'C:\Users\095054\.katalon\tools\android_sdk\platform-tools\adb.exe'
[35m[ADB][39m Getting device platform version
[35m[UiAutomator2][39m Relaxing hidden api policy
[35m[ADB][39m Package name: 'com.example.mikebanks.bankscorpfinancial'
[35m[ADB][39m Main activity name: 'com.example.mikebanks.bankscorpfinancial.LaunchActivity'
[35m[ADB][39m Using 'apksigner.jar' from 'C:\Users\095054\.katalon\tools\android_sdk\build-tools\29.0.3\lib\apksigner.jar'
[35m[ADB][39m 'C:\Users\095054\AppData\Roaming\npm\node_modules\appium\node_modules\appium-uiautomator2-server\apks\appium-uiautomator2-server-v4.27.0.apk' is signed with the default certificate
[35m[ADB][39m 'C:\Users\095054\AppData\Roaming\npm\node_modules\appium\node_modules\appium-uiautomator2-server\apks\appium-uiautomator2-server-debug-androidTest.apk' is signed with the default certificate
[35m[UiAutomator2][39m Server packages are not going to be (re)installed
[35m[ADB][39m Adding packages ["io.appium.settings","io.appium.uiautomator2.server","io.appium.uiautomator2.server.test"] to Doze whitelist
[35m[ADB][39m 'C:\Users\095054\Documents\Katalon Final Projects\FinalProjectMobile_AhmadZainAzharulFalah_KSAT006ONL004\FinalProjectMobile\APK\app-debug.apk' is signed with a non-default certificate
[35m[ADB][39m The application at 'C:\Users\095054\Documents\Katalon Final Projects\FinalProjectMobile_AhmadZainAzharulFalah_KSAT006ONL004\FinalProjectMobile\APK\app-debug.apk' will not be cached, because the device under test has confirmed the support of streamed installs
[35m[ADB][39m The installation of 'app-debug.apk' took 506ms
[35m[UiAutomator2][39m Starting UIAutomator2 server 4.27.0
[35m[UiAutomator2][39m Using UIAutomator2 server from 'C:\Users\095054\AppData\Roaming\npm\node_modules\appium\node_modules\appium-uiautomator2-server\apks\appium-uiautomator2-server-v4.27.0.apk' and test from 'C:\Users\095054\AppData\Roaming\npm\node_modules\appium\node_modules\appium-uiautomator2-server\apks\appium-uiautomator2-server-debug-androidTest.apk'
[35m[UiAutomator2][39m Waiting up to 30000ms for UiAutomator2 to be online...
[35m[WD Proxy][39m socket hang up
[35m[WD Proxy][39m socket hang up
[35m[WD Proxy][39m socket hang up
[35m[WD Proxy][39m Determined the downstream protocol as 'W3C'
[35m[AndroidDriver][39m Screen already unlocked, doing nothing
[35m[UiAutomator2][39m Starting 'com.example.mikebanks.bankscorpfinancial/com.example.mikebanks.bankscorpfinancial.LaunchActivity and waiting for 'com.example.mikebanks.bankscorpfinancial/com.example.mikebanks.bankscorpfinancial.LaunchActivity'
[35m[Appium][39m New AndroidUiautomator2Driver session created successfully, session 575e007a-ad99-4143-a856-f96490a15d8c added to master session list
[35m[HTTP][39m [37m<-- POST /wd/hub/session [39m[32m200[39m [90m9331 ms - 1515[39m
[35m[HTTP][39m [90m[39m
[35m[HTTP][39m [37m-->[39m [37mGET[39m [37m/wd/hub/session/575e007a-ad99-4143-a856-f96490a15d8c[39m
[35m[HTTP][39m [90m{}[39m
[35m[HTTP][39m [37m<-- GET /wd/hub/session/575e007a-ad99-4143-a856-f96490a15d8c [39m[32m200[39m [90m15 ms - 1469[39m
[35m[HTTP][39m [90m[39m
[35m[HTTP][39m [37m-->[39m [37mGET[39m [37m/wd/hub/session/575e007a-ad99-4143-a856-f96490a15d8c[39m
[35m[HTTP][39m [90m{}[39m
[35m[HTTP][39m [37m<-- GET /wd/hub/session/575e007a-ad99-4143-a856-f96490a15d8c [39m[32m200[39m [90m14 ms - 1469[39m
[35m[HTTP][39m [90m[39m
[35m[HTTP][39m [37m-->[39m [37mGET[39m [37m/wd/hub/status[39m
[35m[HTTP][39m [90m{}[39m
[35m[HTTP][39m [37m<-- GET /wd/hub/status [39m[32m200[39m [90m1 ms - 68[39m
[35m[HTTP][39m [90m[39m
[35m[HTTP][39m [37m-->[39m [37mPOST[39m [37m/wd/hub/session/575e007a-ad99-4143-a856-f96490a15d8c/timeouts[39m
[35m[HTTP][39m [90m{"implicit":60000}[39m
[35m[HTTP][39m [37m<-- POST /wd/hub/session/575e007a-ad99-4143-a856-f96490a15d8c/timeouts [39m[32m200[39m [90m4 ms - 14[39m
[35m[HTTP][39m [90m[39m
[35m[HTTP][39m [37m-->[39m [37mGET[39m [37m/wd/hub/session/575e007a-ad99-4143-a856-f96490a15d8c/source[39m
[35m[HTTP][39m [90m{}[39m
[35m[W3C (575e007a)][39m Driver proxy active, passing request on via HTTP proxy
[35m[WD Proxy][39m Replacing sessionId 8f189bd9-ba26-4ade-b26f-dbf4f6c5ca45 with 575e007a-ad99-4143-a856-f96490a15d8c
[35m[HTTP][39m [37m<-- GET /wd/hub/session/575e007a-ad99-4143-a856-f96490a15d8c/source [39m[32m200[39m [90m372 ms - 10623[39m
[35m[HTTP][39m [90m[39m
[35m[HTTP][39m [37m-->[39m [37mGET[39m [37m/wd/hub/session/575e007a-ad99-4143-a856-f96490a15d8c/screenshot[39m
[35m[HTTP][39m [90m{}[39m
[35m[HTTP][39m [37m<-- GET /wd/hub/session/575e007a-ad99-4143-a856-f96490a15d8c/screenshot [39m[32m200[39m [90m396 ms - 89240[39m
[35m[HTTP][39m [90m[39m
[35m[HTTP][39m [37m-->[39m [37mGET[39m [37m/wd/hub/session/575e007a-ad99-4143-a856-f96490a15d8c/source[39m
[35m[HTTP][39m [90m{}[39m
[35m[W3C (575e007a)][39m Driver proxy active, passing request on via HTTP proxy
[35m[WD Proxy][39m Replacing sessionId 8f189bd9-ba26-4ade-b26f-dbf4f6c5ca45 with 575e007a-ad99-4143-a856-f96490a15d8c
[35m[HTTP][39m [37m<-- GET /wd/hub/session/575e007a-ad99-4143-a856-f96490a15d8c/source [39m[32m200[39m [90m209 ms - 12741[39m
[35m[HTTP][39m [90m[39m
[35m[HTTP][39m [37m-->[39m [37mGET[39m [37m/wd/hub/session/575e007a-ad99-4143-a856-f96490a15d8c/screenshot[39m
[35m[HTTP][39m [90m{}[39m
[35m[HTTP][39m [37m<-- GET /wd/hub/session/575e007a-ad99-4143-a856-f96490a15d8c/screenshot [39m[32m200[39m [90m403 ms - 111676[39m
[35m[HTTP][39m [90m[39m
[35m[HTTP][39m [37m-->[39m [37mGET[39m [37m/wd/hub/session/575e007a-ad99-4143-a856-f96490a15d8c/source[39m
[35m[HTTP][39m [90m{}[39m
[35m[W3C (575e007a)][39m Driver proxy active, passing request on via HTTP proxy
[35m[WD Proxy][39m Replacing sessionId 8f189bd9-ba26-4ade-b26f-dbf4f6c5ca45 with 575e007a-ad99-4143-a856-f96490a15d8c
[35m[HTTP][39m [37m<-- GET /wd/hub/session/575e007a-ad99-4143-a856-f96490a15d8c/source [39m[32m200[39m [90m49 ms - 2897[39m
[35m[HTTP][39m [90m[39m
[35m[HTTP][39m [37m-->[39m [37mGET[39m [37m/wd/hub/session/575e007a-ad99-4143-a856-f96490a15d8c/screenshot[39m
[35m[HTTP][39m [90m{}[39m
[35m[HTTP][39m [37m<-- GET /wd/hub/session/575e007a-ad99-4143-a856-f96490a15d8c/screenshot [39m[32m200[39m [90m366 ms - 132658[39m
[35m[HTTP][39m [90m[39m
[35m[HTTP][39m [37m-->[39m [37mPOST[39m [37m/wd/hub/session/575e007a-ad99-4143-a856-f96490a15d8c/elements[39m
[35m[HTTP][39m [90m{"using":"xpath","value":"//*[@class = 'android.widget.CheckedTextView' and (@text = 'Property ($5000000000.00)' or . = 'Property ($5000000000.00)') and @resource-id = 'android:id/text1']"}[39m
[35m[HTTP][39m [37m<-- POST /wd/hub/session/575e007a-ad99-4143-a856-f96490a15d8c/elements [39m[32m200[39m [90m6015 ms - 139[39m
[35m[HTTP][39m [90m[39m
[35m[HTTP][39m [37m-->[39m [37mGET[39m [37m/wd/hub/session/575e007a-ad99-4143-a856-f96490a15d8c/source[39m
[35m[HTTP][39m [90m{}[39m
[35m[W3C (575e007a)][39m Driver proxy active, passing request on via HTTP proxy
[35m[WD Proxy][39m Replacing sessionId 8f189bd9-ba26-4ade-b26f-dbf4f6c5ca45 with 575e007a-ad99-4143-a856-f96490a15d8c
[35m[HTTP][39m [37m<-- GET /wd/hub/session/575e007a-ad99-4143-a856-f96490a15d8c/source [39m[32m200[39m [90m60 ms - 2905[39m
[35m[HTTP][39m [90m[39m
[35m[HTTP][39m [37m-->[39m [37mGET[39m [37m/wd/hub/session/575e007a-ad99-4143-a856-f96490a15d8c/screenshot[39m
[35m[HTTP][39m [90m{}[39m
[35m[HTTP][39m [37m<-- GET /wd/hub/session/575e007a-ad99-4143-a856-f96490a15d8c/screenshot [39m[32m200[39m [90m409 ms - 131718[39m
[35m[HTTP][39m [90m[39m
[35m[HTTP][39m [37m-->[39m [37mPOST[39m [37m/wd/hub/session/575e007a-ad99-4143-a856-f96490a15d8c/elements[39m
[35m[HTTP][39m [90m{"using":"xpath","value":"//*[@class = 'android.widget.CheckedTextView' and (@text = 'Marriage ($100000000.00)' or . = 'Marriage ($100000000.00)') and @resource-id = 'android:id/text1']"}[39m
[35m[HTTP][39m [37m<-- POST /wd/hub/session/575e007a-ad99-4143-a856-f96490a15d8c/elements [39m[32m200[39m [90m46 ms - 139[39m
[35m[HTTP][39m [90m[39m
[35m[HTTP][39m [37m-->[39m [37mDELETE[39m [37m/wd/hub/session/575e007a-ad99-4143-a856-f96490a15d8c[39m
[35m[HTTP][39m [90m{}[39m
[35m[Appium][39m Removing session 575e007a-ad99-4143-a856-f96490a15d8c from our master session list
[35m[UiAutomator2][39m Restoring hidden api policy to the device default configuration
[35m[HTTP][39m [37m<-- DELETE /wd/hub/session/575e007a-ad99-4143-a856-f96490a15d8c [39m[32m200[39m [90m432 ms - 14[39m
[35m[HTTP][39m [90m[39m
